<?xml version="1.0" encoding="UTF-8"?>
<testsuite xmlns:xsi="http://www.w3.org/2001/XMLSchema-instance" xsi:noNamespaceSchemaLocation="https://maven.apache.org/surefire/maven-surefire-plugin/xsd/surefire-test-report.xsd" name="steps.RunCucumberTest" time="0.343" tests="4" errors="0" skipped="3" failures="0">
  <properties>
[...]
</properties>
  <testcase name="Given I open a browser" classname="Scenario: test api" time="0">
    <skipped/>
    <system-out><![CDATA[@smilogin @TEST
Feature: Do nothing
]]></system-out>
  </testcase>
  <testcase name="And I am on the student access page" classname="Scenario: test api" time="0">
    <skipped/>
  </testcase>
  <testcase name="Scenario: test api" classname="Scenario: test api" time="0">
    <skipped/>
  </testcase>
  <testcase name="Scenario: test api" classname="Scenario: test api" time="0.037"/>
</testsuite>